<?xml version='1.0' encoding='UTF-8'?>
<testsuite hostname="jupyter-anlo9402" name="edu.colorado.csci3155.project3.Automaton1Tests" tests="4" errors="0" failures="0" skipped="0" time="0.05" timestamp="2023-05-07T21:12:26">
          <properties>
[...]
</properties>
          <testcase classname="edu.colorado.csci3155.project3.Automaton1Tests" name="Test 1 for MainEventLoop.processOneEvent" time="0.047">
                      
                    </testcase><testcase classname="edu.colorado.csci3155.project3.Automaton1Tests" name="Test 2 for MainEventLoop.processOneEvent" time="0.001">
                      
                    </testcase><testcase classname="edu.colorado.csci3155.project3.Automaton1Tests" name="Stop Event must remove all entities" time="0.001">
                      
                    </testcase><testcase classname="edu.colorado.csci3155.project3.Automaton1Tests" name="Test five ticks in a row" time="0.001">
                      
                    </testcase>
          <system-out><![CDATA[]]></system-out>
          <system-err><![CDATA[]]></system-err>
        </testsuite>